<?xml version="1.0" encoding="UTF-8"?>
<!-- Generated by org.testng.reporters.JUnitXMLReporter -->
<testsuite ignored="1" hostname="LMMUMLP0835" failures="0" tests="4" name="Test" time="2.274" errors="0" timestamp="2024-01-25T10:55:14 IST">
  <testcase classname="Pac_2_Testng.NewTest_5" name="test4" time="0.249"/>
  <testcase classname="Pac_2_Testng.NewTest_5" name="test3" time="0.021"/>
  <testcase classname="Pac_2_Testng.NewTest_5" name="test2" time="0.101"/>
  <testcase classname="Pac_selenium2024.NewTest_1" name="f" time="0.12"/>
  <testcase classname="Pac_2_Testng.NewTest_5" name="test1" time="0.0">
    <ignored/>
  </testcase> <!-- test1 -->
</testsuite> <!-- Test -->
